Using pre-set license
Built from '2020.3/staging' branch; Version is '2020.3.11f1 (99c7afb366b3) revision 10078127'; Using compiler version '192528614'; Build Type 'Release'
OS: 'Windows 10 Home Single Language; OS build 19042.1165; Version 2009; 64bit' Language: 'pt' Physical Memory: 8122 MB
BatchMode: 1, IsHumanControllingUs: 0, StartBugReporterOnCrash: 0, Is64bit: 1, IsPro: 0

 COMMAND LINE ARGUMENTS:
C:\Program Files\Unity\Hub\Editor\2020.3.11f1\Editor\Unity.exe
-adb2
-batchMode
-noUpm
-name
AssetImportWorker0
-projectPath
C:/Users/Guilherme/Documents/Game Development/Courses/Junior Programmer Pathway/OOP-Theory-Repo/Programming Theory Project
-logFile
Logs/AssetImportWorker0.log
-srvPort
62484
Successfully changed project path to: C:/Users/Guilherme/Documents/Game Development/Courses/Junior Programmer Pathway/OOP-Theory-Repo/Programming Theory Project
C:/Users/Guilherme/Documents/Game Development/Courses/Junior Programmer Pathway/OOP-Theory-Repo/Programming Theory Project
Using Asset Import Pipeline V2.
Refreshing native plugins compatible for Editor in 103.39 ms, found 2 plugins.
Preloading 0 native plugins for Editor in 0.00 ms.
Initialize engine version: 2020.3.11f1 (99c7afb366b3)
[Subsystems] Discovering subsystems at path C:/Program Files/Unity/Hub/Editor/2020.3.11f1/Editor/Data/Resources/UnitySubsystems
[Subsystems] Discovering subsystems at path C:/Users/Guilherme/Documents/Game Development/Courses/Junior Programmer Pathway/OOP-Theory-Repo/Programming Theory Project/Assets
GfxDevice: creating device client; threaded=0
Direct3D:
    Version:  Direct3D 11.0 [level 11.0]
    Renderer: NVIDIA GeForce 830M (ID=0x1340)
    Vendor:   
    VRAM:     2010 MB
    Driver:   27.21.14.6280
Initialize mono
Mono path[0] = 'C:/Program Files/Unity/Hub/Editor/2020.3.11f1/Editor/Data/Managed'
Mono path[1] = 'C:/Program Files/Unity/Hub/Editor/2020.3.11f1/Editor/Data/MonoBleedingEdge/lib/mono/unityjit'
Mono config path = 'C:/Program Files/Unity/Hub/Editor/2020.3.11f1/Editor/Data/MonoBleedingEdge/etc'
Using monoOptions --debugger-agent=transport=dt_socket,embedding=1,server=y,suspend=n,address=127.0.0.1:56056
Begin MonoManager ReloadAssembly
Registering precompiled unity dll's ...
Register platform support module: C:/Program Files/Unity/Hub/Editor/2020.3.11f1/Editor/Data/PlaybackEngines/WindowsStandaloneSupport/UnityEditor.WindowsStandalone.Extensions.dll
Registered in 0.004603 seconds.
Native extension for WindowsStandalone target not found
Refreshing native plugins compatible for Editor in 45.23 ms, found 2 plugins.
Preloading 0 native plugins for Editor in 0.00 ms.
Mono: successfully reloaded assembly
- Completed reload, in  1.818 seconds
Platform modules already initialized, skipping
Registering precompiled user dll's ...
Registered in 0.007854 seconds.
Begin MonoManager ReloadAssembly
Native extension for WindowsStandalone target not found
Refreshing native plugins compatible for Editor in 0.44 ms, found 2 plugins.
Preloading 0 native plugins for Editor in 0.00 ms.
Mono: successfully reloaded assembly
- Completed reload, in  1.637 seconds
Platform modules already initialized, skipping
========================================================================
Worker process is ready to serve import requests
Launched and connected shader compiler UnityShaderCompiler.exe after 0.25 seconds
Refreshing native plugins compatible for Editor in 0.44 ms, found 2 plugins.
Preloading 0 native plugins for Editor in 0.00 ms.
Unloading 1410 Unused Serialized files (Serialized files now loaded: 0)
System memory in use before: 67.6 MB.
System memory in use after: 67.7 MB.

Unloading 18 unused Assets to reduce memory usage. Loaded Objects now: 1844.
Total: 3.005700 ms (FindLiveObjects: 0.217200 ms CreateObjectMapping: 0.093900 ms MarkObjects: 2.581400 ms  DeleteObjects: 0.111600 ms)

========================================================================
Received Import Request.
  path: Assets/Prefabs/RangedEnemy.prefab
  artifactKey: Guid(5d35c44b275029344b81e69ea03da042) Importer(815301076,1909f56bfc062723c751e8b465ee728b)
Start importing Assets/Prefabs/RangedEnemy.prefab using Guid(5d35c44b275029344b81e69ea03da042) Importer(815301076,1909f56bfc062723c751e8b465ee728b)  -> (artifact id: '08481b95be85b2b56275f9cfcedb2014') in 1.082255 seconds
  Import took 1.086725 seconds .

========================================================================
Received Import Request.
  Time since last request: 0.070601 seconds.
  path: Assets/Prefabs/Plane.prefab
  artifactKey: Guid(db7595bc3cef05146b26df2f0c1e9b06) Importer(815301076,1909f56bfc062723c751e8b465ee728b)
Start importing Assets/Prefabs/Plane.prefab using Guid(db7595bc3cef05146b26df2f0c1e9b06) Importer(815301076,1909f56bfc062723c751e8b465ee728b)  -> (artifact id: '68b2e98eb431fb35005a0f2236487081') in 0.215055 seconds
  Import took 0.218637 seconds .

========================================================================
Received Import Request.
  Time since last request: 0.000383 seconds.
  path: Assets/Prefabs/BodyPartProjectile.prefab
  artifactKey: Guid(037eeea5aa60ec24e817b8a051d2e34f) Importer(815301076,1909f56bfc062723c751e8b465ee728b)
Start importing Assets/Prefabs/BodyPartProjectile.prefab using Guid(037eeea5aa60ec24e817b8a051d2e34f) Importer(815301076,1909f56bfc062723c751e8b465ee728b)  -> (artifact id: '75d91ab7061151d0c57d6a4d5651c7d2') in 0.063397 seconds
  Import took 0.068174 seconds .

========================================================================
Received Import Request.
  Time since last request: 0.000317 seconds.
  path: Assets/Prefabs/Game Manager.prefab
  artifactKey: Guid(4fbb7061e65774f4488b08b1862cb540) Importer(815301076,1909f56bfc062723c751e8b465ee728b)
Start importing Assets/Prefabs/Game Manager.prefab using Guid(4fbb7061e65774f4488b08b1862cb540) Importer(815301076,1909f56bfc062723c751e8b465ee728b)  -> (artifact id: 'f1efc41af8efda4ef514f612767dd183') in 0.016009 seconds
  Import took 0.020249 seconds .

========================================================================
Received Import Request.
  Time since last request: 0.000301 seconds.
  path: Assets/Prefabs/Enemy Projectile.prefab
  artifactKey: Guid(08178b1094ae5b442802809d4ae36e7b) Importer(815301076,1909f56bfc062723c751e8b465ee728b)
Start importing Assets/Prefabs/Enemy Projectile.prefab using Guid(08178b1094ae5b442802809d4ae36e7b) Importer(815301076,1909f56bfc062723c751e8b465ee728b)  -> (artifact id: 'f956a3f2bee902605e8ae5069e737e9b') in 0.031470 seconds
  Import took 0.036994 seconds .

========================================================================
Received Import Request.
  Time since last request: 0.000362 seconds.
  path: Assets/Prefabs/Enemy.prefab
  artifactKey: Guid(9ab41a4635753d24d99c4d5bcfecf8fb) Importer(815301076,1909f56bfc062723c751e8b465ee728b)
Start importing Assets/Prefabs/Enemy.prefab using Guid(9ab41a4635753d24d99c4d5bcfecf8fb) Importer(815301076,1909f56bfc062723c751e8b465ee728b)  -> (artifact id: '3fc23d4d7dc231bcee0a388e511951c8') in 0.025261 seconds
  Import took 0.029659 seconds .

========================================================================
Received Import Request.
  Time since last request: 0.000332 seconds.
  path: Assets/Prefabs/Player.prefab
  artifactKey: Guid(802354aa7db482d40a24bd26f8ce2c0b) Importer(815301076,1909f56bfc062723c751e8b465ee728b)
Start importing Assets/Prefabs/Player.prefab using Guid(802354aa7db482d40a24bd26f8ce2c0b) Importer(815301076,1909f56bfc062723c751e8b465ee728b)  -> (artifact id: 'cd25d3838ea626965caeb6cb065318bf') in 0.025210 seconds
  Import took 0.029401 seconds .

========================================================================
Received Import Request.
  Time since last request: 0.000316 seconds.
  path: Assets/Prefabs/Wall.prefab
  artifactKey: Guid(304c3d12da734944eba0add6c22945f9) Importer(815301076,1909f56bfc062723c751e8b465ee728b)
Start importing Assets/Prefabs/Wall.prefab using Guid(304c3d12da734944eba0add6c22945f9) Importer(815301076,1909f56bfc062723c751e8b465ee728b)  -> (artifact id: '315ab18697d4e35a1938576472f624cd') in 0.538457 seconds
  Import took 0.544249 seconds .

========================================================================
Received Import Request.
  Time since last request: 0.000342 seconds.
  path: Assets/Prefabs/Projectile.prefab
  artifactKey: Guid(e1ab3b753d3021343af3c2537cb1d657) Importer(815301076,1909f56bfc062723c751e8b465ee728b)
Start importing Assets/Prefabs/Projectile.prefab using Guid(e1ab3b753d3021343af3c2537cb1d657) Importer(815301076,1909f56bfc062723c751e8b465ee728b)  -> (artifact id: 'a4107d39131991823c4d7852e591cc45') in 0.021772 seconds
  Import took 0.025863 seconds .

========================================================================
Received Import Request.
  Time since last request: 0.000463 seconds.
  path: Assets/Prefabs/EnemySpawnManager.prefab
  artifactKey: Guid(ef1536d55550df149865322c60f9455b) Importer(815301076,1909f56bfc062723c751e8b465ee728b)
Start importing Assets/Prefabs/EnemySpawnManager.prefab using Guid(ef1536d55550df149865322c60f9455b) Importer(815301076,1909f56bfc062723c751e8b465ee728b)  -> (artifact id: 'adea82cbbc8a28c2678ba29a3ab7a54b') in 0.015556 seconds
  Import took 0.019671 seconds .

========================================================================
Received Import Request.
  Time since last request: 0.000314 seconds.
  path: Assets/Scenes/SampleScene.unity
  artifactKey: Guid(9fc0d4010bbf28b4594072e72b8655ab) Importer(815301076,1909f56bfc062723c751e8b465ee728b)
Start importing Assets/Scenes/SampleScene.unity using Guid(9fc0d4010bbf28b4594072e72b8655ab) Importer(815301076,1909f56bfc062723c751e8b465ee728b)  -> (artifact id: 'fde7bbcb31a81eea5d8ed6d709f7daf8') in 0.015055 seconds
  Import took 0.019890 seconds .

========================================================================
Received Import Request.
  Time since last request: 0.000416 seconds.
  path: Assets/Prefabs/Canvas.prefab
  artifactKey: Guid(778be06a09314b542a71b28e1072cd69) Importer(815301076,1909f56bfc062723c751e8b465ee728b)
Start importing Assets/Prefabs/Canvas.prefab using Guid(778be06a09314b542a71b28e1072cd69) Importer(815301076,1909f56bfc062723c751e8b465ee728b)  -> (artifact id: 'ba6e439d6f3800e2abe3f2452ffcb4c7') in 0.086615 seconds
  Import took 0.092261 seconds .

========================================================================
Received Import Request.
  Time since last request: 10.628963 seconds.
  path: Assets/Scenes/Main Menu.unity
  artifactKey: Guid(edc972acac13d074ca5b1a638d89c0a9) Importer(815301076,1909f56bfc062723c751e8b465ee728b)
Start importing Assets/Scenes/Main Menu.unity using Guid(edc972acac13d074ca5b1a638d89c0a9) Importer(815301076,1909f56bfc062723c751e8b465ee728b)  -> (artifact id: '998b33e0acbbf5e4d8ecdd160e4679e5') in 0.018255 seconds
  Import took 0.023593 seconds .

========================================================================
Received Prepare
Registering precompiled user dll's ...
Registered in 0.132028 seconds.
Begin MonoManager ReloadAssembly
Native extension for WindowsStandalone target not found
Refreshing native plugins compatible for Editor in 0.58 ms, found 2 plugins.
Preloading 0 native plugins for Editor in 0.00 ms.
Mono: successfully reloaded assembly
- Completed reload, in  4.057 seconds
Platform modules already initialized, skipping
Refreshing native plugins compatible for Editor in 0.53 ms, found 2 plugins.
Preloading 0 native plugins for Editor in 0.00 ms.
Unloading 1391 Unused Serialized files (Serialized files now loaded: 0)
System memory in use before: 70.0 MB.
System memory in use after: 70.1 MB.

Unloading 14 unused Assets to reduce memory usage. Loaded Objects now: 1859.
Total: 2.788100 ms (FindLiveObjects: 0.225900 ms CreateObjectMapping: 0.072800 ms MarkObjects: 2.447700 ms  DeleteObjects: 0.040600 ms)

========================================================================
Received Prepare
Registering precompiled user dll's ...
Registered in 0.020277 seconds.
Begin MonoManager ReloadAssembly
Native extension for WindowsStandalone target not found
Refreshing native plugins compatible for Editor in 0.42 ms, found 2 plugins.
Preloading 0 native plugins for Editor in 0.00 ms.
Mono: successfully reloaded assembly
- Completed reload, in  4.155 seconds
Platform modules already initialized, skipping
Refreshing native plugins compatible for Editor in 0.43 ms, found 2 plugins.
Preloading 0 native plugins for Editor in 0.00 ms.
Unloading 1391 Unused Serialized files (Serialized files now loaded: 0)
System memory in use before: 70.1 MB.
System memory in use after: 70.2 MB.

Unloading 13 unused Assets to reduce memory usage. Loaded Objects now: 1862.
Total: 2.929700 ms (FindLiveObjects: 0.215400 ms CreateObjectMapping: 0.073400 ms MarkObjects: 2.604500 ms  DeleteObjects: 0.034900 ms)

========================================================================
Received Import Request.
  Time since last request: 9670.956644 seconds.
  path: Assets/Scripts/GameManager.cs
  artifactKey: Guid(a118827266320454d918390cd2db0c21) Importer(815301076,1909f56bfc062723c751e8b465ee728b)
Start importing Assets/Scripts/GameManager.cs using Guid(a118827266320454d918390cd2db0c21) Importer(815301076,1909f56bfc062723c751e8b465ee728b)  -> (artifact id: '55bfa513972afa2f8039c0fca23a5e9a') in 0.027529 seconds
  Import took 0.032923 seconds .

========================================================================
Received Import Request.
  Time since last request: 0.038310 seconds.
  path: Assets/Scripts/GameManager.cs
  artifactKey: Guid(a118827266320454d918390cd2db0c21) Importer(815301076,1909f56bfc062723c751e8b465ee728b)
Start importing Assets/Scripts/GameManager.cs using Guid(a118827266320454d918390cd2db0c21) Importer(815301076,1909f56bfc062723c751e8b465ee728b)  -> (artifact id: '55bfa513972afa2f8039c0fca23a5e9a') in 0.007271 seconds
  Import took 0.011985 seconds .

========================================================================
Received Import Request.
  Time since last request: 470.525162 seconds.
  path: Assets/Scripts/PlayerController.cs
  artifactKey: Guid(98c21ac250e9870478b4f1d8bf4ee55f) Importer(815301076,1909f56bfc062723c751e8b465ee728b)
Start importing Assets/Scripts/PlayerController.cs using Guid(98c21ac250e9870478b4f1d8bf4ee55f) Importer(815301076,1909f56bfc062723c751e8b465ee728b)  -> (artifact id: 'aa8e94f0d7f22e9700d708595f34bf6a') in 0.022252 seconds
  Import took 0.027719 seconds .

========================================================================
Received Import Request.
  Time since last request: 0.043416 seconds.
  path: Assets/Scripts/PlayerController.cs
  artifactKey: Guid(98c21ac250e9870478b4f1d8bf4ee55f) Importer(815301076,1909f56bfc062723c751e8b465ee728b)
Start importing Assets/Scripts/PlayerController.cs using Guid(98c21ac250e9870478b4f1d8bf4ee55f) Importer(815301076,1909f56bfc062723c751e8b465ee728b)  -> (artifact id: 'aa8e94f0d7f22e9700d708595f34bf6a') in 0.012697 seconds
  Import took 0.017927 seconds .

========================================================================
Received Import Request.
  Time since last request: 23.906652 seconds.
  path: Assets/Scripts/FollowPlayer.cs
  artifactKey: Guid(78c98fb80d00dfc468c0b690e3bb7799) Importer(815301076,1909f56bfc062723c751e8b465ee728b)
Start importing Assets/Scripts/FollowPlayer.cs using Guid(78c98fb80d00dfc468c0b690e3bb7799) Importer(815301076,1909f56bfc062723c751e8b465ee728b)  -> (artifact id: 'a5c590ff3cbdc8f619a51fe67a3063cb') in 0.134040 seconds
  Import took 0.139055 seconds .

========================================================================
Received Import Request.
  Time since last request: 0.974329 seconds.
  path: Assets/Scripts/Events.cs
  artifactKey: Guid(35515438d9ec7f248a5d105bb4ac7511) Importer(815301076,1909f56bfc062723c751e8b465ee728b)
Start importing Assets/Scripts/Events.cs using Guid(35515438d9ec7f248a5d105bb4ac7511) Importer(815301076,1909f56bfc062723c751e8b465ee728b)  -> (artifact id: '22911485d8f2e5cd65abcc5192533217') in 0.045297 seconds
  Import took 0.103499 seconds .

========================================================================
Received Import Request.
  Time since last request: 0.000541 seconds.
  path: Assets/Scripts/EnemySpawnManager.cs
  artifactKey: Guid(6ea24c0789ae28b4d805ab7a2d0336df) Importer(815301076,1909f56bfc062723c751e8b465ee728b)
Start importing Assets/Scripts/EnemySpawnManager.cs using Guid(6ea24c0789ae28b4d805ab7a2d0336df) Importer(815301076,1909f56bfc062723c751e8b465ee728b)  -> (artifact id: '0f1ea55fc2278b1586a056cc42dcd384') in 0.061005 seconds
  Import took 0.067189 seconds .

========================================================================
Received Import Request.
  Time since last request: 0.000715 seconds.
  path: Assets/Scripts/DetectCollision.cs
  artifactKey: Guid(e1d118ef6b301e44a9ab12f7a5022578) Importer(815301076,1909f56bfc062723c751e8b465ee728b)
Start importing Assets/Scripts/DetectCollision.cs using Guid(e1d118ef6b301e44a9ab12f7a5022578) Importer(815301076,1909f56bfc062723c751e8b465ee728b)  -> (artifact id: 'b8c10499863955eb27fdbaf13fc996cb') in 0.149318 seconds
  Import took 0.154482 seconds .

========================================================================
Received Import Request.
  Time since last request: 0.000438 seconds.
  path: Assets/Scripts/Enemy.cs
  artifactKey: Guid(bb2884220e25ad84e8c2c38c278fc5c0) Importer(815301076,1909f56bfc062723c751e8b465ee728b)
Start importing Assets/Scripts/Enemy.cs using Guid(bb2884220e25ad84e8c2c38c278fc5c0) Importer(815301076,1909f56bfc062723c751e8b465ee728b)  -> (artifact id: 'c1ec9a4ce56b6f968f1a75c361de7a16') in 0.128429 seconds
  Import took 0.203252 seconds .

========================================================================
Received Import Request.
  Time since last request: 3.664533 seconds.
  path: Assets/Stylized Stone Texture
  artifactKey: Guid(b129b5ebe73da974aab81491676981e7) Importer(815301076,1909f56bfc062723c751e8b465ee728b)
Start importing Assets/Stylized Stone Texture using Guid(b129b5ebe73da974aab81491676981e7) Importer(815301076,1909f56bfc062723c751e8b465ee728b)  -> (artifact id: '8f5d22cb4c4176f81ad89f7a94330883') in 0.155718 seconds
  Import took 0.161771 seconds .

========================================================================
Received Import Request.
  Time since last request: 239.506194 seconds.
  path: Assets/Scripts/GameManager.cs
  artifactKey: Guid(a118827266320454d918390cd2db0c21) Importer(815301076,1909f56bfc062723c751e8b465ee728b)
Start importing Assets/Scripts/GameManager.cs using Guid(a118827266320454d918390cd2db0c21) Importer(815301076,1909f56bfc062723c751e8b465ee728b)  -> (artifact id: 'c756957dcb49f9c5e38b353771ccbdba') in 0.006279 seconds
  Import took 0.009914 seconds .

========================================================================
Received Prepare
Registering precompiled user dll's ...
Registered in 0.358335 seconds.
Begin MonoManager ReloadAssembly
Native extension for WindowsStandalone target not found
Refreshing native plugins compatible for Editor in 0.45 ms, found 2 plugins.
Preloading 0 native plugins for Editor in 0.00 ms.
Mono: successfully reloaded assembly
- Completed reload, in  1.611 seconds
Platform modules already initialized, skipping
Refreshing native plugins compatible for Editor in 0.47 ms, found 2 plugins.
Preloading 0 native plugins for Editor in 0.00 ms.
Unloading 1391 Unused Serialized files (Serialized files now loaded: 0)
System memory in use before: 70.1 MB.
System memory in use after: 70.2 MB.

Unloading 13 unused Assets to reduce memory usage. Loaded Objects now: 1865.
Total: 118.826400 ms (FindLiveObjects: 0.211900 ms CreateObjectMapping: 0.069100 ms MarkObjects: 118.500600 ms  DeleteObjects: 0.042700 ms)

========================================================================
Received Prepare
Registering precompiled user dll's ...
Registered in 0.018612 seconds.
Begin MonoManager ReloadAssembly
Native extension for WindowsStandalone target not found
Refreshing native plugins compatible for Editor in 0.82 ms, found 2 plugins.
Preloading 0 native plugins for Editor in 0.00 ms.
Mono: successfully reloaded assembly
- Completed reload, in  1.662 seconds
Platform modules already initialized, skipping
Refreshing native plugins compatible for Editor in 0.50 ms, found 2 plugins.
Preloading 0 native plugins for Editor in 0.00 ms.
Unloading 1391 Unused Serialized files (Serialized files now loaded: 0)
System memory in use before: 70.1 MB.
System memory in use after: 70.2 MB.

Unloading 13 unused Assets to reduce memory usage. Loaded Objects now: 1868.
Total: 2.920100 ms (FindLiveObjects: 0.234800 ms CreateObjectMapping: 0.087700 ms MarkObjects: 2.560300 ms  DeleteObjects: 0.035900 ms)

========================================================================
Received Import Request.
  Time since last request: 81.709378 seconds.
  path: Assets/Scripts/MoveForward.cs
  artifactKey: Guid(4f17c8e20c58acd48889d46aae8704c0) Importer(815301076,1909f56bfc062723c751e8b465ee728b)
Start importing Assets/Scripts/MoveForward.cs using Guid(4f17c8e20c58acd48889d46aae8704c0) Importer(815301076,1909f56bfc062723c751e8b465ee728b)  -> (artifact id: '5f1ae683ef44c3c0717c59e9e4683431') in 0.056426 seconds
  Import took 0.061270 seconds .

========================================================================
Received Prepare
Registering precompiled user dll's ...
Registered in 0.016041 seconds.
Begin MonoManager ReloadAssembly
Native extension for WindowsStandalone target not found
Refreshing native plugins compatible for Editor in 0.45 ms, found 2 plugins.
Preloading 0 native plugins for Editor in 0.00 ms.
Mono: successfully reloaded assembly
- Completed reload, in  1.778 seconds
Platform modules already initialized, skipping
Refreshing native plugins compatible for Editor in 0.47 ms, found 2 plugins.
Preloading 0 native plugins for Editor in 0.00 ms.
Unloading 1391 Unused Serialized files (Serialized files now loaded: 0)
System memory in use before: 70.1 MB.
System memory in use after: 70.2 MB.

Unloading 13 unused Assets to reduce memory usage. Loaded Objects now: 1871.
Total: 2.563800 ms (FindLiveObjects: 0.197300 ms CreateObjectMapping: 0.075800 ms MarkObjects: 2.262700 ms  DeleteObjects: 0.026200 ms)

========================================================================
Received Import Request.
  Time since last request: 100.109898 seconds.
  path: Assets/Scripts/PlayerController.cs
  artifactKey: Guid(98c21ac250e9870478b4f1d8bf4ee55f) Importer(815301076,1909f56bfc062723c751e8b465ee728b)
Start importing Assets/Scripts/PlayerController.cs using Guid(98c21ac250e9870478b4f1d8bf4ee55f) Importer(815301076,1909f56bfc062723c751e8b465ee728b)  -> (artifact id: '26fdbaab8940d30e970a932e62385275') in 0.071152 seconds
  Import took 0.075296 seconds .

========================================================================
Received Prepare
Registering precompiled user dll's ...
Registered in 0.011000 seconds.
Begin MonoManager ReloadAssembly
Native extension for WindowsStandalone target not found
Refreshing native plugins compatible for Editor in 0.53 ms, found 2 plugins.
Preloading 0 native plugins for Editor in 0.00 ms.
Mono: successfully reloaded assembly
- Completed reload, in  1.731 seconds
Platform modules already initialized, skipping
Refreshing native plugins compatible for Editor in 0.44 ms, found 2 plugins.
Preloading 0 native plugins for Editor in 0.00 ms.
Unloading 1391 Unused Serialized files (Serialized files now loaded: 0)
System memory in use before: 70.1 MB.
System memory in use after: 70.2 MB.

Unloading 13 unused Assets to reduce memory usage. Loaded Objects now: 1874.
Total: 3.022100 ms (FindLiveObjects: 0.220900 ms CreateObjectMapping: 0.074600 ms MarkObjects: 2.691800 ms  DeleteObjects: 0.033100 ms)

========================================================================
Received Prepare
Registering precompiled user dll's ...
Registered in 0.009515 seconds.
Begin MonoManager ReloadAssembly
Native extension for WindowsStandalone target not found
Refreshing native plugins compatible for Editor in 0.84 ms, found 2 plugins.
Preloading 0 native plugins for Editor in 0.00 ms.
Mono: successfully reloaded assembly
- Completed reload, in  1.910 seconds
Platform modules already initialized, skipping
Refreshing native plugins compatible for Editor in 0.71 ms, found 2 plugins.
Preloading 0 native plugins for Editor in 0.00 ms.
Unloading 1391 Unused Serialized files (Serialized files now loaded: 0)
System memory in use before: 70.1 MB.
System memory in use after: 70.2 MB.

Unloading 13 unused Assets to reduce memory usage. Loaded Objects now: 1877.
Total: 2.927100 ms (FindLiveObjects: 0.222500 ms CreateObjectMapping: 0.072400 ms MarkObjects: 2.588900 ms  DeleteObjects: 0.041400 ms)

========================================================================
Received Import Request.
  Time since last request: 337.393814 seconds.
  path: Assets/Scripts/PlayerController.cs
  artifactKey: Guid(98c21ac250e9870478b4f1d8bf4ee55f) Importer(815301076,1909f56bfc062723c751e8b465ee728b)
Start importing Assets/Scripts/PlayerController.cs using Guid(98c21ac250e9870478b4f1d8bf4ee55f) Importer(815301076,1909f56bfc062723c751e8b465ee728b)  -> (artifact id: '2cf89711d8731005f3aa48359584f106') in 0.010257 seconds
  Import took 0.013606 seconds .

========================================================================
Received Prepare
Registering precompiled user dll's ...
Registered in 0.013864 seconds.
Begin MonoManager ReloadAssembly
Native extension for WindowsStandalone target not found
Refreshing native plugins compatible for Editor in 0.49 ms, found 2 plugins.
Preloading 0 native plugins for Editor in 0.00 ms.
Mono: successfully reloaded assembly
- Completed reload, in  2.289 seconds
Platform modules already initialized, skipping
Refreshing native plugins compatible for Editor in 0.53 ms, found 2 plugins.
Preloading 0 native plugins for Editor in 0.00 ms.
Unloading 1390 Unused Serialized files (Serialized files now loaded: 0)
System memory in use before: 70.1 MB.
System memory in use after: 70.2 MB.

Unloading 14 unused Assets to reduce memory usage. Loaded Objects now: 1879.
Total: 2.357000 ms (FindLiveObjects: 0.182700 ms CreateObjectMapping: 0.070900 ms MarkObjects: 2.070700 ms  DeleteObjects: 0.030800 ms)

========================================================================
Received Prepare
Registering precompiled user dll's ...
Registered in 0.008713 seconds.
Begin MonoManager ReloadAssembly
Native extension for WindowsStandalone target not found
Refreshing native plugins compatible for Editor in 0.51 ms, found 2 plugins.
Preloading 0 native plugins for Editor in 0.00 ms.
Mono: successfully reloaded assembly
- Completed reload, in  1.915 seconds
Platform modules already initialized, skipping
Refreshing native plugins compatible for Editor in 0.43 ms, found 2 plugins.
Preloading 0 native plugins for Editor in 0.00 ms.
Unloading 1390 Unused Serialized files (Serialized files now loaded: 0)
System memory in use before: 70.1 MB.
System memory in use after: 70.2 MB.

Unloading 13 unused Assets to reduce memory usage. Loaded Objects now: 1882.
Total: 2.832500 ms (FindLiveObjects: 0.218400 ms CreateObjectMapping: 0.071100 ms MarkObjects: 2.507300 ms  DeleteObjects: 0.034300 ms)

========================================================================
Received Prepare
Registering precompiled user dll's ...
Registered in 0.012673 seconds.
Begin MonoManager ReloadAssembly
Native extension for WindowsStandalone target not found
Refreshing native plugins compatible for Editor in 0.49 ms, found 2 plugins.
Preloading 0 native plugins for Editor in 0.00 ms.
Mono: successfully reloaded assembly
- Completed reload, in  2.188 seconds
Platform modules already initialized, skipping
Refreshing native plugins compatible for Editor in 0.98 ms, found 2 plugins.
Preloading 0 native plugins for Editor in 0.00 ms.
Unloading 1390 Unused Serialized files (Serialized files now loaded: 0)
System memory in use before: 70.1 MB.
System memory in use after: 70.2 MB.

Unloading 13 unused Assets to reduce memory usage. Loaded Objects now: 1885.
Total: 2.981800 ms (FindLiveObjects: 0.246200 ms CreateObjectMapping: 0.142900 ms MarkObjects: 2.564400 ms  DeleteObjects: 0.026700 ms)

========================================================================
Received Prepare
Registering precompiled user dll's ...
Registered in 0.008569 seconds.
Begin MonoManager ReloadAssembly
Native extension for WindowsStandalone target not found
Refreshing native plugins compatible for Editor in 0.71 ms, found 2 plugins.
Preloading 0 native plugins for Editor in 0.00 ms.
Mono: successfully reloaded assembly
- Completed reload, in  2.238 seconds
Platform modules already initialized, skipping
Refreshing native plugins compatible for Editor in 0.92 ms, found 2 plugins.
Preloading 0 native plugins for Editor in 0.00 ms.
Unloading 1390 Unused Serialized files (Serialized files now loaded: 0)
System memory in use before: 70.1 MB.
System memory in use after: 70.2 MB.

Unloading 13 unused Assets to reduce memory usage. Loaded Objects now: 1888.
Total: 2.587900 ms (FindLiveObjects: 0.224000 ms CreateObjectMapping: 0.069600 ms MarkObjects: 2.256800 ms  DeleteObjects: 0.036000 ms)

========================================================================
Received Prepare
Registering precompiled user dll's ...
Registered in 0.008702 seconds.
Begin MonoManager ReloadAssembly
Native extension for WindowsStandalone target not found
Refreshing native plugins compatible for Editor in 0.96 ms, found 2 plugins.
Preloading 0 native plugins for Editor in 0.00 ms.
Mono: successfully reloaded assembly
- Completed reload, in  1.735 seconds
Platform modules already initialized, skipping
Refreshing native plugins compatible for Editor in 0.47 ms, found 2 plugins.
Preloading 0 native plugins for Editor in 0.00 ms.
Unloading 1390 Unused Serialized files (Serialized files now loaded: 0)
System memory in use before: 70.1 MB.
System memory in use after: 70.2 MB.

Unloading 13 unused Assets to reduce memory usage. Loaded Objects now: 1891.
Total: 2.937100 ms (FindLiveObjects: 0.236800 ms CreateObjectMapping: 0.079400 ms MarkObjects: 2.586500 ms  DeleteObjects: 0.032600 ms)

========================================================================
Received Prepare
Registering precompiled user dll's ...
Registered in 0.009534 seconds.
Begin MonoManager ReloadAssembly
Native extension for WindowsStandalone target not found
Refreshing native plugins compatible for Editor in 2.37 ms, found 2 plugins.
Preloading 0 native plugins for Editor in 0.00 ms.
Mono: successfully reloaded assembly
- Completed reload, in  1.670 seconds
Platform modules already initialized, skipping
Refreshing native plugins compatible for Editor in 0.46 ms, found 2 plugins.
Preloading 0 native plugins for Editor in 0.00 ms.
Unloading 1390 Unused Serialized files (Serialized files now loaded: 0)
System memory in use before: 70.1 MB.
System memory in use after: 70.2 MB.

Unloading 13 unused Assets to reduce memory usage. Loaded Objects now: 1894.
Total: 2.544900 ms (FindLiveObjects: 0.265800 ms CreateObjectMapping: 0.080400 ms MarkObjects: 2.162600 ms  DeleteObjects: 0.034000 ms)

========================================================================
Received Import Request.
  Time since last request: 2097.850550 seconds.
  path: Assets/Scenes/SampleScene.unity
  artifactKey: Guid(9fc0d4010bbf28b4594072e72b8655ab) Importer(815301076,1909f56bfc062723c751e8b465ee728b)
Start importing Assets/Scenes/SampleScene.unity using Guid(9fc0d4010bbf28b4594072e72b8655ab) Importer(815301076,1909f56bfc062723c751e8b465ee728b)  -> (artifact id: 'b123d1eb7cebc1ef33a5afb98068f706') in 0.197153 seconds
  Import took 0.204172 seconds .

AssetImportWorkerClient::OnTransportError - code=2 error=End of file
